[36m2022-02-08 17:19:51,381 [DEBUG] poc-download-images.sh [PID = 19208][0m
[36m2022-02-08 17:19:51,383 [DEBUG] Checking arguments (2)...[0m
[33m2022-02-08 17:19:51,385 [INFO] Preparing poc environment...[0m
[33m2022-02-08 17:19:51,387 [INFO] Setting terminal signals...[0m
[36m2022-02-08 17:19:51,392 [DEBUG] Cleaning environment...[0m
[33m2022-02-08 17:19:51,403 [INFO] Remove images: alpine[0m
+ docker rmi alpine alpine:3.7 alpine:3.8
Untagged: alpine:latest
Untagged: alpine@sha256:21a3deaa0d32a8057914f36584b5288d2e5ecc984380bc0118285c70fa8c9300
Deleted: sha256:c059bfaa849c4d8e4aecaeb3a10c2d9b3d85f5165c66ad3a4d937758128c4d18
Deleted: sha256:8d3ac3489996423f53d6087c81180006263b79f206d3fdec9e66f0e27ceb8759
Untagged: alpine:3.7
Untagged: alpine@sha256:8421d9a84432575381bfabd248f1eb56f3aa21d9d7cd2511583c68c9b7511d10
Deleted: sha256:6d1ef012b5674ad8a127ecfa9b5e6f5178d171b90ee462846974177fd9bdd39f
Deleted: sha256:3fc64803ca2de7279269048fe2b8b3c73d4536448c87c32375b2639ac168a48b
Untagged: alpine:3.8
Untagged: alpine@sha256:2bb501e6173d9d006e56de5bce2720eb06396803300fe1687b58a7ff32bf4c14
Deleted: sha256:c8bccc0af9571ec0d006a43acb5a8d08c4ce42b6cc7194dd6eb167976f501ef1
Deleted: sha256:7444ea29e45e927abea1f923bf24cac20deaddea603c4bb1c7f2f5819773d453
[33m2022-02-08 17:19:51,914 [INFO] Show docker pull usage[0m
+ docker pull --help

Usage:  docker pull [OPTIONS] NAME[:TAG|@DIGEST]

Pull an image or a repository from a registry

Options:
  -a, --all-tags                Download all tagged images in the repository
      --disable-content-trust   Skip image verification (default true)
      --platform string         Set platform if server is multi-platform capable
  -q, --quiet                   Suppress verbose output
[33m2022-02-08 17:19:52,115 [INFO] Download docker image: alpine[0m
+ docker pull alpine
Using default tag: latest
latest: Pulling from library/alpine
59bf1c3509f3: Pulling fs layer
59bf1c3509f3: Verifying Checksum
59bf1c3509f3: Download complete
59bf1c3509f3: Pull complete
Digest: sha256:21a3deaa0d32a8057914f36584b5288d2e5ecc984380bc0118285c70fa8c9300
Status: Downloaded newer image for alpine:latest
docker.io/library/alpine:latest
[33m2022-02-08 17:19:56,917 [INFO] Show docker image history: alpine[0m
+ docker history alpine
IMAGE          CREATED        CREATED BY                                      SIZE      COMMENT
c059bfaa849c   2 months ago   /bin/sh -c #(nop)  CMD ["/bin/sh"]              0B        
<missing>      2 months ago   /bin/sh -c #(nop) ADD file:9233f6f2237d79659…   5.59MB    
[33m2022-02-08 17:19:57,016 [INFO] Download docker image: alpine:3.7[0m
+ docker pull alpine:3.7
3.7: Pulling from library/alpine
5d20c808ce19: Pulling fs layer
5d20c808ce19: Verifying Checksum
5d20c808ce19: Download complete
5d20c808ce19: Pull complete
Digest: sha256:8421d9a84432575381bfabd248f1eb56f3aa21d9d7cd2511583c68c9b7511d10
Status: Downloaded newer image for alpine:3.7
docker.io/library/alpine:3.7
[33m2022-02-08 17:20:01,543 [INFO] Show docker image history: alpine:3.7[0m
+ docker history alpine:3.7
IMAGE          CREATED       CREATED BY                                      SIZE      COMMENT
6d1ef012b567   2 years ago   /bin/sh -c #(nop)  CMD ["/bin/sh"]              0B        
<missing>      2 years ago   /bin/sh -c #(nop) ADD file:aa17928040e31624c…   4.21MB    
[33m2022-02-08 17:20:01,646 [INFO] Download docker image: alpine:3.8[0m
+ docker pull alpine:3.8 -q
docker.io/library/alpine:3.8
[33m2022-02-08 17:20:06,321 [INFO] Show docker image history: alpine:3.7[0m
+ docker history alpine:3.7
IMAGE          CREATED       CREATED BY                                      SIZE      COMMENT
6d1ef012b567   2 years ago   /bin/sh -c #(nop)  CMD ["/bin/sh"]              0B        
<missing>      2 years ago   /bin/sh -c #(nop) ADD file:aa17928040e31624c…   4.21MB    
[32m2022-02-08 17:20:06,425 [DONE] Poc completed successfully [0m
