[36m2022-02-08 17:26:01,067 [DEBUG] poc-list-images.sh [PID = 23251][0m
[36m2022-02-08 17:26:01,069 [DEBUG] Checking arguments (2)...[0m
[33m2022-02-08 17:26:01,071 [INFO] Preparing poc environment...[0m
[33m2022-02-08 17:26:01,073 [INFO] Setting terminal signals...[0m
[36m2022-02-08 17:26:01,077 [DEBUG] Cleaning environment...[0m
[33m2022-02-08 17:26:01,083 [INFO] Remove images: alpine[0m
+ docker rmi alpine ubuntu httpd
Error: No such image: alpine
Error: No such image: ubuntu
Error: No such image: httpd
[33m2022-02-08 17:26:01,180 [INFO] Show docker images usage[0m
+ docker images --help

Usage:  docker images [OPTIONS] [REPOSITORY[:TAG]]

List images

Options:
  -a, --all             Show all images (default hides intermediate images)
      --digests         Show digests
  -f, --filter filter   Filter output based on conditions provided
      --format string   Pretty-print images using a Go template
      --no-trunc        Don't truncate output
  -q, --quiet           Only show image IDs
[33m2022-02-08 17:26:01,365 [INFO] Show docker images[0m
+ docker images
REPOSITORY   TAG       IMAGE ID       CREATED         SIZE
ubuntu-git   1.0       58806205e71b   2 minutes ago   208MB
php          apache    a3e1df81efc8   13 days ago     477MB
php          latest    5a1c7b10c43e   13 days ago     484MB
alpine       3.8       c8bccc0af957   2 years ago     4.41MB
alpine       3.7       6d1ef012b567   2 years ago     4.21MB
[33m2022-02-08 17:26:01,453 [INFO] Download docker image: alpine[0m
+ docker pull alpine
Using default tag: latest
latest: Pulling from library/alpine
59bf1c3509f3: Pulling fs layer
59bf1c3509f3: Verifying Checksum
59bf1c3509f3: Download complete
59bf1c3509f3: Pull complete
Digest: sha256:21a3deaa0d32a8057914f36584b5288d2e5ecc984380bc0118285c70fa8c9300
Status: Downloaded newer image for alpine:latest
docker.io/library/alpine:latest
[33m2022-02-08 17:26:05,040 [INFO] Download docker image: ubuntu[0m
+ docker pull ubuntu
Using default tag: latest
latest: Pulling from library/ubuntu
Digest: sha256:669e010b58baf5beb2836b253c1fd5768333f0d1dbcb834f7c07a4dc93f474be
Status: Downloaded newer image for ubuntu:latest
docker.io/library/ubuntu:latest
[33m2022-02-08 17:26:07,038 [INFO] Download docker image: httpd[0m
+ docker pull httpd
Using default tag: latest
latest: Pulling from library/httpd
5eb5b503b376: Already exists
a43a76ccc967: Pulling fs layer
942bd346e7f7: Pulling fs layer
cdb155854ae6: Pulling fs layer
10c4d45228bf: Pulling fs layer
10c4d45228bf: Waiting
942bd346e7f7: Verifying Checksum
942bd346e7f7: Download complete
a43a76ccc967: Download complete
a43a76ccc967: Pull complete
10c4d45228bf: Verifying Checksum
10c4d45228bf: Download complete
942bd346e7f7: Pull complete
cdb155854ae6: Verifying Checksum
cdb155854ae6: Download complete
cdb155854ae6: Pull complete
10c4d45228bf: Pull complete
Digest: sha256:5cc947a200524a822883dc6ce6456d852d7c5629ab177dfbf7e38c1b4a647705
Status: Downloaded newer image for httpd:latest
docker.io/library/httpd:latest
[33m2022-02-08 17:26:16,664 [INFO] Show docker images[0m
+ docker images
REPOSITORY   TAG       IMAGE ID       CREATED         SIZE
ubuntu-git   1.0       58806205e71b   2 minutes ago   208MB
ubuntu       latest    54c9d81cbb44   6 days ago      72.8MB
php          apache    a3e1df81efc8   13 days ago     477MB
php          latest    5a1c7b10c43e   13 days ago     484MB
httpd        latest    a8ea074f4566   13 days ago     144MB
alpine       latest    c059bfaa849c   2 months ago    5.59MB
alpine       3.8       c8bccc0af957   2 years ago     4.41MB
alpine       3.7       6d1ef012b567   2 years ago     4.21MB
[32m2022-02-08 17:26:16,756 [DONE] Poc completed successfully [0m
